[2024-08-07 01:49:53] local.INFO: Iniciando validação dos dados do ingresso para atualização.  
[2024-08-07 01:49:53] local.INFO: Regras de validação aplicadas: {"rules":{"name":"string|max:255"}} 
[2024-08-07 01:49:53] local.INFO: Validação dos dados do ingresso concluída com sucesso.  
[2024-08-07 01:49:53] local.ERROR: Erro ao atualizar ingresso: No query results for model [App\Models\Ticket] 13 {"exception":"[object] (Illuminate\\Database\\Eloquent\\ModelNotFoundException(code: 0): No query results for model [App\\Models\\Ticket] 13 at C:\\Development\\xamp\\htdocs\\cutinapp1.1\\Api\\vendor\\laravel\\framework\\src\\Illuminate\\Database\\Eloquent\\Builder.php:489)
[stacktrace]
#0 C:\\Development\\xamp\\htdocs\\cutinapp1.1\\Api\\vendor\\laravel\\framework\\src\\Illuminate\\Support\\Traits\\ForwardsCalls.php(23): Illuminate\\Database\\Eloquent\\Builder->findOrFail('13')
#1 C:\\Development\\xamp\\htdocs\\cutinapp1.1\\Api\\vendor\\laravel\\framework\\src\\Illuminate\\Database\\Eloquent\\Model.php(2330): Illuminate\\Database\\Eloquent\\Model->forwardCallTo(Object(Illuminate\\Database\\Eloquent\\Builder), 'findOrFail', Array)
#2 C:\\Development\\xamp\\htdocs\\cutinapp1.1\\Api\\vendor\\laravel\\framework\\src\\Illuminate\\Database\\Eloquent\\Model.php(2342): Illuminate\\Database\\Eloquent\\Model->__call('findOrFail', Array)
#3 C:\\Development\\xamp\\htdocs\\cutinapp1.1\\Api\\app\\Http\\Controllers\\TicketController.php(141): Illuminate\\Database\\Eloquent\\Model::__callStatic('findOrFail', Array)
#4 C:\\Development\\xamp\\htdocs\\cutinapp1.1\\Api\\vendor\\laravel\\framework\\src\\Illuminate\\Routing\\Controller.php(54): App\\Http\\Controllers\\TicketController->update(Object(Illuminate\\Http\\Request), '13')
#5 C:\\Development\\xamp\\htdocs\\cutinapp1.1\\Api\\vendor\\laravel\\framework\\src\\Illuminate\\Routing\\ControllerDispatcher.php(43): Illuminate\\Routing\\Controller->callAction('update', Array)
#6 C:\\Development\\xamp\\htdocs\\cutinapp1.1\\Api\\vendor\\laravel\\framework\\src\\Illuminate\\Routing\\Route.php(259): Illuminate\\Routing\\ControllerDispatcher->dispatch(Object(Illuminate\\Routing\\Route), Object(App\\Http\\Controllers\\TicketController), 'update')
#7 C:\\Development\\xamp\\htdocs\\cutinapp1.1\\Api\\vendor\\laravel\\framework\\src\\Illuminate\\Routing\\Route.php(205): Illuminate\\Routing\\Route->runController()
#8 C:\\Development\\xamp\\htdocs\\cutinapp1.1\\Api\\vendor\\laravel\\framework\\src\\Illuminate\\Routing\\Router.php(798): Illuminate\\Routing\\Route->run()
#9 C:\\Development\\xamp\\htdocs\\cutinapp1.1\\Api\\vendor\\laravel\\framework\\src\\Illuminate\\Pipeline\\Pipeline.php(141): Illuminate\\Routing\\Router->Illuminate\\Routing\\{closure}(Object(Illuminate\\Http\\Request))
#10 C:\\Development\\xamp\\htdocs\\cutinapp1.1\\Api\\vendor\\laravel\\framework\\src\\Illuminate\\Routing\\Middleware\\SubstituteBindings.php(50): Illuminate\\Pipeline\\Pipeline->Illuminate\\Pipeline\\{closure}(Object(Illuminate\\Http\\Request))
#11 C:\\Development\\xamp\\htdocs\\cutinapp1.1\\Api\\vendor\\laravel\\framework\\src\\Illuminate\\Pipeline\\Pipeline.php(180): Illuminate\\Routing\\Middleware\\SubstituteBindings->handle(Object(Illuminate\\Http\\Request), Object(Closure))
#12 C:\\Development\\xamp\\htdocs\\cutinapp1.1\\Api\\vendor\\laravel\\framework\\src\\Illuminate\\Routing\\Middleware\\ThrottleRequests.php(126): Illuminate\\Pipeline\\Pipeline->Illuminate\\Pipeline\\{closure}(Object(Illuminate\\Http\\Request))
#13 C:\\Development\\xamp\\htdocs\\cutinapp1.1\\Api\\vendor\\laravel\\framework\\src\\Illuminate\\Routing\\Middleware\\ThrottleRequests.php(92): Illuminate\\Routing\\Middleware\\ThrottleRequests->handleRequest(Object(Illuminate\\Http\\Request), Object(Closure), Array)
#14 C:\\Development\\xamp\\htdocs\\cutinapp1.1\\Api\\vendor\\laravel\\framework\\src\\Illuminate\\Routing\\Middleware\\ThrottleRequests.php(54): Illuminate\\Routing\\Middleware\\ThrottleRequests->handleRequestUsingNamedLimiter(Object(Illuminate\\Http\\Request), Object(Closure), 'api', Object(Closure))
#15 C:\\Development\\xamp\\htdocs\\cutinapp1.1\\Api\\vendor\\laravel\\framework\\src\\Illuminate\\Pipeline\\Pipeline.php(180): Illuminate\\Routing\\Middleware\\ThrottleRequests->handle(Object(Illuminate\\Http\\Request), Object(Closure), 'api')
#16 C:\\Development\\xamp\\htdocs\\cutinapp1.1\\Api\\vendor\\laravel\\framework\\src\\Illuminate\\Pipeline\\Pipeline.php(116): Illuminate\\Pipeline\\Pipeline->Illuminate\\Pipeline\\{closure}(Object(Illuminate\\Http\\Request))
#17 C:\\Development\\xamp\\htdocs\\cutinapp1.1\\Api\\vendor\\laravel\\framework\\src\\Illuminate\\Routing\\Router.php(797): Illuminate\\Pipeline\\Pipeline->then(Object(Closure))
#18 C:\\Development\\xamp\\htdocs\\cutinapp1.1\\Api\\vendor\\laravel\\framework\\src\\Illuminate\\Routing\\Router.php(776): Illuminate\\Routing\\Router->runRouteWithinStack(Object(Illuminate\\Routing\\Route), Object(Illuminate\\Http\\Request))
#19 C:\\Development\\xamp\\htdocs\\cutinapp1.1\\Api\\vendor\\laravel\\framework\\src\\Illuminate\\Routing\\Router.php(740): Illuminate\\Routing\\Router->runRoute(Object(Illuminate\\Http\\Request), Object(Illuminate\\Routing\\Route))
#20 C:\\Development\\xamp\\htdocs\\cutinapp1.1\\Api\\vendor\\laravel\\framework\\src\\Illuminate\\Routing\\Router.php(729): Illuminate\\Routing\\Router->dispatchToRoute(Object(Illuminate\\Http\\Request))
#21 C:\\Development\\xamp\\htdocs\\cutinapp1.1\\Api\\vendor\\laravel\\framework\\src\\Illuminate\\Foundation\\Http\\Kernel.php(190): Illuminate\\Routing\\Router->dispatch(Object(Illuminate\\Http\\Request))
#22 C:\\Development\\xamp\\htdocs\\cutinapp1.1\\Api\\vendor\\laravel\\framework\\src\\Illuminate\\Pipeline\\Pipeline.php(141): Illuminate\\Foundation\\Http\\Kernel->Illuminate\\Foundation\\Http\\{closure}(Object(Illuminate\\Http\\Request))
#23 C:\\Development\\xamp\\htdocs\\cutinapp1.1\\Api\\vendor\\laravel\\framework\\src\\Illuminate\\Foundation\\Http\\Middleware\\TransformsRequest.php(21): Illuminate\\Pipeline\\Pipeline->Illuminate\\Pipeline\\{closure}(Object(Illuminate\\Http\\Request))
#24 C:\\Development\\xamp\\htdocs\\cutinapp1.1\\Api\\vendor\\laravel\\framework\\src\\Illuminate\\Foundation\\Http\\Middleware\\ConvertEmptyStringsToNull.php(31): Illuminate\\Foundation\\Http\\Middleware\\TransformsRequest->handle(Object(Illuminate\\Http\\Request), Object(Closure))
#25 C:\\Development\\xamp\\htdocs\\cutinapp1.1\\Api\\vendor\\laravel\\framework\\src\\Illuminate\\Pipeline\\Pipeline.php(180): Illuminate\\Foundation\\Http\\Middleware\\ConvertEmptyStringsToNull->handle(Object(Illuminate\\Http\\Request), Object(Closure))
#26 C:\\Development\\xamp\\htdocs\\cutinapp1.1\\Api\\vendor\\laravel\\framework\\src\\Illuminate\\Foundation\\Http\\Middleware\\TransformsRequest.php(21): Illuminate\\Pipeline\\Pipeline->Illuminate\\Pipeline\\{closure}(Object(Illuminate\\Http\\Request))
#27 C:\\Development\\xamp\\htdocs\\cutinapp1.1\\Api\\vendor\\laravel\\framework\\src\\Illuminate\\Foundation\\Http\\Middleware\\TrimStrings.php(40): Illuminate\\Foundation\\Http\\Middleware\\TransformsRequest->handle(Object(Illuminate\\Http\\Request), Object(Closure))
#28 C:\\Development\\xamp\\htdocs\\cutinapp1.1\\Api\\vendor\\laravel\\framework\\src\\Illuminate\\Pipeline\\Pipeline.php(180): Illuminate\\Foundation\\Http\\Middleware\\TrimStrings->handle(Object(Illuminate\\Http\\Request), Object(Closure))
#29 C:\\Development\\xamp\\htdocs\\cutinapp1.1\\Api\\vendor\\laravel\\framework\\src\\Illuminate\\Foundation\\Http\\Middleware\\ValidatePostSize.php(27): Illuminate\\Pipeline\\Pipeline->Illuminate\\Pipeline\\{closure}(Object(Illuminate\\Http\\Request))
#30 C:\\Development\\xamp\\htdocs\\cutinapp1.1\\Api\\vendor\\laravel\\framework\\src\\Illuminate\\Pipeline\\Pipeline.php(180): Illuminate\\Foundation\\Http\\Middleware\\ValidatePostSize->handle(Object(Illuminate\\Http\\Request), Object(Closure))
#31 C:\\Development\\xamp\\htdocs\\cutinapp1.1\\Api\\vendor\\laravel\\framework\\src\\Illuminate\\Foundation\\Http\\Middleware\\PreventRequestsDuringMaintenance.php(86): Illuminate\\Pipeline\\Pipeline->Illuminate\\Pipeline\\{closure}(Object(Illuminate\\Http\\Request))
#32 C:\\Development\\xamp\\htdocs\\cutinapp1.1\\Api\\vendor\\laravel\\framework\\src\\Illuminate\\Pipeline\\Pipeline.php(180): Illuminate\\Foundation\\Http\\Middleware\\PreventRequestsDuringMaintenance->handle(Object(Illuminate\\Http\\Request), Object(Closure))
#33 C:\\Development\\xamp\\htdocs\\cutinapp1.1\\Api\\vendor\\laravel\\framework\\src\\Illuminate\\Http\\Middleware\\HandleCors.php(62): Illuminate\\Pipeline\\Pipeline->Illuminate\\Pipeline\\{closure}(Object(Illuminate\\Http\\Request))
#34 C:\\Development\\xamp\\htdocs\\cutinapp1.1\\Api\\vendor\\laravel\\framework\\src\\Illuminate\\Pipeline\\Pipeline.php(180): Illuminate\\Http\\Middleware\\HandleCors->handle(Object(Illuminate\\Http\\Request), Object(Closure))
#35 C:\\Development\\xamp\\htdocs\\cutinapp1.1\\Api\\vendor\\laravel\\framework\\src\\Illuminate\\Http\\Middleware\\TrustProxies.php(39): Illuminate\\Pipeline\\Pipeline->Illuminate\\Pipeline\\{closure}(Object(Illuminate\\Http\\Request))
#36 C:\\Development\\xamp\\htdocs\\cutinapp1.1\\Api\\vendor\\laravel\\framework\\src\\Illuminate\\Pipeline\\Pipeline.php(180): Illuminate\\Http\\Middleware\\TrustProxies->handle(Object(Illuminate\\Http\\Request), Object(Closure))
#37 C:\\Development\\xamp\\htdocs\\cutinapp1.1\\Api\\vendor\\laravel\\framework\\src\\Illuminate\\Pipeline\\Pipeline.php(116): Illuminate\\Pipeline\\Pipeline->Illuminate\\Pipeline\\{closure}(Object(Illuminate\\Http\\Request))
#38 C:\\Development\\xamp\\htdocs\\cutinapp1.1\\Api\\vendor\\laravel\\framework\\src\\Illuminate\\Foundation\\Http\\Kernel.php(165): Illuminate\\Pipeline\\Pipeline->then(Object(Closure))
#39 C:\\Development\\xamp\\htdocs\\cutinapp1.1\\Api\\vendor\\laravel\\framework\\src\\Illuminate\\Foundation\\Http\\Kernel.php(134): Illuminate\\Foundation\\Http\\Kernel->sendRequestThroughRouter(Object(Illuminate\\Http\\Request))
#40 C:\\Development\\xamp\\htdocs\\cutinapp1.1\\Api\\public\\index.php(51): Illuminate\\Foundation\\Http\\Kernel->handle(Object(Illuminate\\Http\\Request))
#41 {main}
","ticket_id":"13","request_data":{"name":"Update Atualizado"}} 
[2024-08-07 01:50:58] local.INFO: Iniciando validação dos dados do ingresso para atualização.  
[2024-08-07 01:50:58] local.INFO: Regras de validação aplicadas: {"rules":{"name":"string|max:255"}} 
[2024-08-07 01:50:58] local.INFO: Validação dos dados do ingresso concluída com sucesso.  
[2024-08-07 01:50:58] local.INFO: Ingresso encontrado: {"ticket_id":5} 
[2024-08-07 01:50:58] local.INFO: Ingresso atualizado com sucesso. {"ticket_id":5} 
[2024-08-07 01:54:27] local.INFO: Evento encontrado: {"event_id":5} 
[2024-08-07 01:54:27] local.INFO: Verificando permissões do usuário.  
[2024-08-07 01:54:27] local.ERROR: Usuário não tem permissão para visualizar ingressos deste evento.  
